/*C12*/SET SCHEMA PUBLIC
DISCONNECT
/*C13*/SET SCHEMA PUBLIC
DISCONNECT
/*C14*/SET SCHEMA PUBLIC
DISCONNECT
/*C15*/SET SCHEMA PUBLIC
alter table Basket drop constraint FK_6dbeef8698f9mffwwt08s8vx2
alter table Entry drop constraint FK_qphpchhqiucpwg36gg6d8sihr
alter table Entry drop constraint FK_e1e1h20o0p6o0uyu5k2pfv6k2
alter table Entry drop constraint FK_c60v1goup33ig2strqprf3947
alter table Entry drop constraint FK_8jg9gnqwbgirerb4jr7oaev8r
alter table Row drop constraint FK_sgd92f93awvs8xl2daq5aqy1g
alter table Seat drop constraint FK_b35p2y1a4tf1eq8wqk4njpyp1
alter table Seat drop constraint FK_e8y3nvddfih4n338j3j2bl5lg
alter table Show drop constraint FK_5ylrxa2xnb4jo7kxpg8ubyo56
alter table Show drop constraint FK_fjtskwtoipcgebjgt08jirvx5
alter table Ticket drop constraint FK_1kqvar1nmcxq5n4ee2e32ug7p
alter table articleforperformance drop constraint FK_civ4bxxhpvp5ucoume764ynw7
alter table articleforperformance drop constraint FK_ndvq2na2bnbt0pgdgvk38b9r0
alter table newsread drop constraint FK_evgbvun0mhynux5gosqk2fdun
alter table newsread drop constraint FK_h3lue2m406hoawecu5a02sik1
alter table participation drop constraint FK_drs1llnoxmugxjyvl0u1bfbra
alter table participation drop constraint FK_bymalsbonmpnggv631ukvc5o0
drop table Article if exists
drop table Artist if exists
drop table Basket if exists
drop table Customer if exists
drop table Employee if exists
drop table Entry if exists
drop table Location if exists
drop table News if exists
drop table Performance if exists
drop table Receipt if exists
drop table Row if exists
drop table Seat if exists
drop table Show if exists
drop table Ticket if exists
drop table articleforperformance if exists
drop table newsread if exists
drop table participation if exists
create table Article (id integer generated by default as identity (start with 1), description varchar(1024), name varchar(100) not null, priceInCent integer, priceInPoints integer, primary key (id))
create table Artist (id integer generated by default as identity (start with 1), firstname varchar(50) not null, lastname varchar(50) not null, primary key (id))
create table Basket (id integer generated by default as identity (start with 1), creationdate date not null, customer_id integer, primary key (id))
create table Customer (id integer generated by default as identity (start with 1), city varchar(50), country varchar(50), dateOfBirth date not null, email varchar(255), firstname varchar(50) not null, isFemale boolean, lastname varchar(50) not null, points integer, postalcode varchar(25), street varchar(50), telephonenumber varchar(50), title varchar(25), primary key (id))
create table Employee (id integer generated by default as identity (start with 1), firstname varchar(50) not null, isadmin boolean not null, lastname varchar(50) not null, passwordHash varchar(512) not null, username varchar(50) not null, wrongPasswordCounter integer not null, primary key (id))
create table Entry (id integer generated by default as identity (start with 1), amount integer not null, buyWithPoints boolean not null, sold boolean not null, article_id integer, basket_id integer not null, receipt_id integer, ticket_id integer, primary key (id))
create table Location (id integer generated by default as identity (start with 1), city varchar(50), country varchar(50), description varchar(1024), postalcode varchar(25), street varchar(50), primary key (id))
create table News (id integer generated by default as identity (start with 1), newsText varchar(1024) not null, submittedOn timestamp not null, title varchar(255) not null, primary key (id))
create table Performance (id integer generated by default as identity (start with 1), content varchar(1024), description varchar(50) not null, durationInMinutes integer, performancetype varchar(50), primary key (id))
create table Receipt (id integer generated by default as identity (start with 1), paymentType integer not null, transactionDate timestamp not null, primary key (id))
create table Row (id integer generated by default as identity (start with 1), sequence integer not null, show_id integer not null, primary key (id))
create table Seat (id integer generated by default as identity (start with 1), sequence integer not null, row_id integer not null, ticket_id integer, primary key (id))
create table Show (id integer generated by default as identity (start with 1), dateOfPerformance timestamp, priceInCent integer not null, room varchar(255) not null, location_id integer not null, performance_id integer not null, primary key (id))
create table Ticket (id integer generated by default as identity (start with 1), show_id integer, primary key (id))
create table articleforperformance (article_id integer not null, performance_id integer not null)
create table newsread (news_id integer not null, employee_id integer not null)
create table participation (artist_id integer not null, performance_id integer not null)
alter table Employee add constraint UK_v9p52k4owkd6pgqpiw3r2ovl  unique (username)
alter table Basket add constraint FK_6dbeef8698f9mffwwt08s8vx2 foreign key (customer_id) references Customer
alter table Entry add constraint FK_qphpchhqiucpwg36gg6d8sihr foreign key (article_id) references Article
alter table Entry add constraint FK_e1e1h20o0p6o0uyu5k2pfv6k2 foreign key (basket_id) references Basket
alter table Entry add constraint FK_c60v1goup33ig2strqprf3947 foreign key (receipt_id) references Receipt
alter table Entry add constraint FK_8jg9gnqwbgirerb4jr7oaev8r foreign key (ticket_id) references Ticket
alter table Row add constraint FK_sgd92f93awvs8xl2daq5aqy1g foreign key (show_id) references Show
alter table Seat add constraint FK_b35p2y1a4tf1eq8wqk4njpyp1 foreign key (row_id) references Row
alter table Seat add constraint FK_e8y3nvddfih4n338j3j2bl5lg foreign key (ticket_id) references Ticket
alter table Show add constraint FK_5ylrxa2xnb4jo7kxpg8ubyo56 foreign key (location_id) references Location
alter table Show add constraint FK_fjtskwtoipcgebjgt08jirvx5 foreign key (performance_id) references Performance
alter table Ticket add constraint FK_1kqvar1nmcxq5n4ee2e32ug7p foreign key (show_id) references Show
alter table articleforperformance add constraint FK_civ4bxxhpvp5ucoume764ynw7 foreign key (performance_id) references Performance
alter table articleforperformance add constraint FK_ndvq2na2bnbt0pgdgvk38b9r0 foreign key (article_id) references Article
alter table newsread add constraint FK_evgbvun0mhynux5gosqk2fdun foreign key (employee_id) references Employee
alter table newsread add constraint FK_h3lue2m406hoawecu5a02sik1 foreign key (news_id) references News
alter table participation add constraint FK_drs1llnoxmugxjyvl0u1bfbra foreign key (performance_id) references Performance
alter table participation add constraint FK_bymalsbonmpnggv631ukvc5o0 foreign key (artist_id) references Artist
DISCONNECT
/*C16*/SET SCHEMA PUBLIC
INSERT INTO EMPLOYEE VALUES(1,'Marvin',TRUE,'Jones','$2a$10$KTUwHHBpYGLQR8WF4kQ5bOcgpz0yFv1tbPD56jW0xx61eqPc3BNhW','marvin',0)
COMMIT
DISCONNECT
/*C17*/SET SCHEMA PUBLIC
INSERT INTO EMPLOYEE VALUES(2,'Manuela',FALSE,'Oster','$2a$10$pXeOB0we3oJ89/omVEhuaOyOD05sgcnd5uw0.EPZBFmiYMFWkF.ne','m.oster',0)
COMMIT
DISCONNECT
/*C18*/SET SCHEMA PUBLIC
INSERT INTO EMPLOYEE VALUES(3,'Jennifer',TRUE,'Fuerst','$2a$10$BL0F8QHFXNmaNwy01xxWm.XNhguXmCv/jaRo.aWzn2SboYd5Y8CJK','j.fuerst',1)
COMMIT
DISCONNECT
/*C19*/SET SCHEMA PUBLIC
INSERT INTO EMPLOYEE VALUES(4,'Janina',FALSE,'Scholz','$2a$10$wsT.VxjEABVeSXASkDfiHu/0b9V2S3uALY5FTIEx/i4cSloMsDqWa','j.scholz',4)
COMMIT
DISCONNECT
/*C20*/SET SCHEMA PUBLIC
INSERT INTO EMPLOYEE VALUES(5,'Jakob',FALSE,'Scholz','$2a$10$N7GYL0rYzOZB51nFP88Qi.xwaYdR0wEFxLXNtGP38zceGzZlr33qS','ja.scholz',0)
COMMIT
DISCONNECT
/*C21*/SET SCHEMA PUBLIC
INSERT INTO NEWS VALUES(1,'Fremdartige und monstr\u00f6se Kreaturen, die als Kaiju bekannt sind und aus den Tiefen des Pazifischen Ozeans emporsteigen, haben in einem Krieg bereits Millionen Menschenleben gefordert. Sogar eine Atombombe konnte die au\u00dferirdischen Wesen nicht stoppen. Um die Kaiju zu besiegen, entwickelten zwei Wissenschaftler \u00fcberdimensionale Roboter, die "J\u00e4ger", welche von zwei Piloten durch eine neurale Br\u00fccke gesteuert werden. Doch selbst die J\u00e4ger scheinen nicht gegen die au\u00dferirdische Macht anzukommen. Mit ihren letzten beiden Verteidigern, dem abgehalfterten Ex-Piloten Raleigh Becket (Charlie Hunnam) und der unerfahrenen Novizin Mako Mori (Rinko Kikuchi) holt die Menschheit zum alles entscheidenden Schlag gegen die Kaiju aus. Mit Unterst\u00fctzung von Makos Adoptivvater, dem legend\u00e4ren britischen J\u00e4ger-Piloten Stacker Pentecost (Idris Elba), begibt sich das ungleiche Duo auf die gef\u00e4hrliche Mission, um die Menschheit vor dem Ende zu bewahren.','2013-07-10 00:00:00.000000','Pacific Rim (Kinostart: 18. Juli 2013)')
COMMIT
DISCONNECT
/*C22*/SET SCHEMA PUBLIC
INSERT INTO NEWS VALUES(2,'Logan (Hugh Jackman), auch bekannt als der Mutant Wolverine, wird unter zwielichtigen Umst\u00e4nden nach Japan gelockt, welches er seit dem zweiten Weltkrieg nicht mehr betreten hat. In einer Welt von Smaurai und Yakuza findet er sich unerwartet auf der Flucht mit einer ebenso sch\u00f6nen wie mysteri\u00f6sen Erbin wieder. Zum ersten Mal wird er mit der Aussicht auf Sterblichkeit konfrontiert, in einer Zeit in der er an seine emotionalen und physischen Grenzen gedr\u00fcckt wird. Er ist nicht nur gezwungen gegen den \u00fcberm\u00e4chtigen Gegner und seinen gr\u00f6\u00dften Erzfeind, Silver Samurai (Will Yun Lee), anzuk\u00e4mpfen, sondern auch gegen die Schatten seiner Vergangenheit. W\u00e4hrend er versucht seinen Gegner trotz des t\u00f6dlichen Samurai-Stahls zu besiegen muss er gleichzeitig einen eigenen inneren Kampf gegen seine Existenz als Mutant ausfechten. Doch an jedem aussichtslos erscheinenden Problem w\u00e4chst er und wird dadurch letztendlich st\u00e4rker als jemals zuvor.','2013-09-01 00:00:00.000000','Wolverine: Weg des Kriegers  (Kinostart: 08. August 2013)')
COMMIT
DISCONNECT
/*C23*/SET SCHEMA PUBLIC
INSERT INTO NEWS VALUES(3,'Southern Rock vom Feinsten erwartet die Besucher des Wiener W.U.K. am Freitag, 12. Juli, wenn sich Ausnahme-Songwriter und \u2013Slidegitarrist Warren Haynes mit seiner Band Gov\u2019t Mule die Ehre gibt.','2014-05-02 20:38:02.997000','Gov\u2019t Mule')
COMMIT
DISCONNECT
/*C24*/SET SCHEMA PUBLIC
INSERT INTO NEWS VALUES(4,'Giacomo Puccinis Meisterwerk im R\u00f6mersteinbruch! Mit "La Boh\u00e8me" bringen die Opernfestspiele St. Margarethen vom 10. Juli bis 25. August 2013 ein berauschendes Operndrama auf die B\u00fchne.','2014-05-12 20:38:03.109000','La Boh\u00e8me')
COMMIT
DISCONNECT
/*C25*/SET SCHEMA PUBLIC
INSERT INTO NEWS VALUES(5,'Ein Leben ohne M\u00fcll? Dorothea Kocsis hat diesen Versuch erfolgreich realisiert \u2013 durch Vermeiden, Wiederverwenden und Recyceln konnte sie alles, was in ihrem F\u00fcnf-Personen-Haushalt an M\u00fcll anf\u00e4llt, schrittweise reduzieren. Mit ge\u00e4ndertem Einkaufsverhalten schl\u00e4gt sie dem Konsumwahn ein Schnippchen und gewinnt vor allem eines: Zeit und Energie. Frei nach dem Motto: Der Einkaufsweg ist das Ziel, slow shopping \u2013 slow-littering \u2013 slow-living!','2014-05-12 20:38:03.109000','Leben ohne M\u00fcll')
COMMIT
DISCONNECT
/*C26*/SET SCHEMA PUBLIC
INSERT INTO NEWS VALUES(6,'Die Schau im Belvedere wird keine herk\u00f6mmliche Retrospektive sein, sondern das Werk Bruno Gironcolis erstmalig in ein Netzwerk von Beziehungen zu klassischen wie zu wichtigen zeitgen\u00f6ssischen Positionen stellen.','2014-06-07 20:38:03.334000','Gironcoli: Context')
COMMIT
DISCONNECT
/*C27*/SET SCHEMA PUBLIC
INSERT INTO NEWS VALUES(7,'Toni Innauer liest aus seinen beiden Bestsellern und erz\u00e4hlt brandaktuelle und nostalgisch humorvolle Episoden aus der jahrzehntelang erfolgreichen Kultur des \u00d6sterreichischen Skisprungsports. Die Superadler und ihre Vorg\u00e4nger sind der fliegende Beweis daf\u00fcr, dass man mit den Weltbesten mithalten kann, wenn der "Spirit auf excellence" gelebt wird und faire Spielregeln bewusst gepflegt werden. Der Spitzensport spiegelt aber auch gnadenlos die belastenden Entwicklungen, die wir alle im Wirtschafts- und Berufsleben erfahren, wenn beim Kampf um Erfolg und Marktanteile das gesunde Augenma\u00df verloren geht und Gier die Oberhand gewinnt.','2014-06-07 20:38:03.334000','Toni Innauer - Am Puls des Erfolgs und kritische Punkte')
COMMIT
DISCONNECT
/*C28*/SET SCHEMA PUBLIC
INSERT INTO NEWS VALUES(8,'Die romantischen G\u00e4rten von Schloss P\u00f6tzleinsdorf werden f\u00fcr Shakespeares vielleicht beste Kom\u00f6die zu den W\u00e4ldern rund um Athen. Das St\u00fcck verfolgt die abenteuerlichen Erlebnisse vier junger Liebender, die nachts aus dem engen Korsett des Athener Hoflebens in die Freiheit der W\u00e4lder ausbrechen. Doch der Wald ist auch Heimat der Feenk\u00f6nigin Titania, ihrem Gemahl Oberon und seinem treuem Begleiter Puck. Die Feenwelt ist nach einem Streit zwischen Oberon und Titania aus den Fugen geraten und als sich zu den mythischen Elfen die Liebenden und schlie\u00dflich auch noch eine Gruppe Amateurschauspieler gesellen, ist das Chaos perfekt.','2014-06-07 20:38:03.334000','Ein Sommernachtstraum')
COMMIT
DISCONNECT
/*C29*/SET SCHEMA PUBLIC
INSERT INTO NEWS VALUES(9,'Die Grenzen zwischen Werbefotografie und k\u00fcnstlerischer Fotografie sind in der Arbeit von Elfie Semotan, die K\u00fcnstler wie Martin Kippenberger inspirierte, flie\u00dfend. Dass von Elfie Semotan daher nicht als Modefotografin im klassischen Sinne gesprochen werden kann, f\u00fchrt die Schau eindrucksvoll vor Augen. Elfie Semotan (*1941), die Grande Dame der \u00f6sterreichischen Fotografie, arbeitete nach ihrer Ausbildung als Modedesignerin jahrelang als Modell, bevor sie Ende der 1960er-Jahre hinter die Kamera wechselte und mit ihren lyrischen Modefotografien internationalen Ruhm erlangte.','2014-06-12 20:38:03.670000','Elfie Semotan')
COMMIT
DISCONNECT
/*C30*/SET SCHEMA PUBLIC
INSERT INTO NEWS VALUES(10,'Michael Hofkirchner hat sich, nach dem in Jordanien ausgezeichnetem St\u00fcck Konnichiwa, der Meister, an sein zweites Clownsolo gewagt. Wie es sich so ''am Ende der Welt'' lebt, erfahren Sie in den Auff\u00fchrungen des Theaters Asou. Ein einsamer Leuchtturmw\u00e4rter auf einer Insel am Rande der Welt zwischen Wasser und Himmel, umgeben von freundlichen Fischen und frechen M\u00f6wen. Ein helles Licht und eine gro\u00dfe Aufgabe. K\u00e4pt`n Ahab, K\u00e4pt`n Sparrow, K\u00e4pt`n Onedin, K\u00e4pt`n Nemo, K\u00e4pt`n Kirk und Columbus, sie alle brauchen den Leuchtturmw\u00e4rter, sein Licht und seine Passion zu putzen!','2014-06-12 20:38:03.784000','Theater Asou - Der Leuchtturmw\u00e4rter')
COMMIT
DISCONNECT
/*C31*/SET SCHEMA PUBLIC
INSERT INTO CUSTOMER VALUES(1,'Wien','\u00d6sterreich','1901-01-01','tutor_andreas.drach@inso.tuwien.ac.at','Andreas',FALSE,'Drach',NULL,NULL,NULL,NULL,'Hr. Tutor')
COMMIT
DISCONNECT
/*C32*/SET SCHEMA PUBLIC
INSERT INTO CUSTOMER VALUES(2,'Wien','\u00d6sterreich','1901-01-01','e1026466@student.tuwien.ac.at','Jakob',FALSE,'Kremsner',10,NULL,NULL,'+43 676 88988880','Hr.')
COMMIT
DISCONNECT
/*C33*/SET SCHEMA PUBLIC
INSERT INTO CUSTOMER VALUES(3,'Tulln','\u00d6sterreich','1901-01-01','e1129399@student.tuwien.ac.at','Dominic',FALSE,'Hofbauer',20,NULL,NULL,'+43 699 11566238','Hr.')
COMMIT
DISCONNECT
/*C34*/SET SCHEMA PUBLIC
INSERT INTO CUSTOMER VALUES(4,'Wien','\u00d6sterreich','1901-01-01','chen.wenchao.private@gmail.com','"Victor" Wen Chao',FALSE,'Chen',30,NULL,NULL,'+43 699 81356177','Hr.')
COMMIT
DISCONNECT
/*C35*/SET SCHEMA PUBLIC
INSERT INTO CUSTOMER VALUES(5,'Wien','\u00d6sterreich','1901-01-01','alexander@gressler.org','Alexander',FALSE,'Gre\u00dfler',40,NULL,NULL,'+43 699 19711904','Hr.')
COMMIT
DISCONNECT
/*C36*/SET SCHEMA PUBLIC
INSERT INTO CUSTOMER VALUES(6,'Wien','\u00d6sterreich','1901-01-01','florianchlan@punktorg.org','Florian',FALSE,'Chlan',50,NULL,NULL,'+43 676 3389113','Hr.')
COMMIT
DISCONNECT
/*C37*/SET SCHEMA PUBLIC
INSERT INTO CUSTOMER VALUES(7,'Amsterdam','Niederlande','1963-12-27','e8325143@student.tuwien.ac.at','Robert',FALSE,'Bekker',1000,'A-1060','Millergasse 12/14','+43 699 88458477','Hr.')
COMMIT
DISCONNECT
/*C38*/SET SCHEMA PUBLIC
INSERT INTO CUSTOMER VALUES(8,'Wien','\u00d6sterreich','1962-02-20',NULL,'Astrid',TRUE,'Bekker-Rohm',0,'A-1060','Millergasse 12/14',NULL,'Fr.')
COMMIT
DISCONNECT
/*C39*/SET SCHEMA PUBLIC
DISCONNECT
/*C40*/SET SCHEMA PUBLIC
DISCONNECT
/*C41*/SET SCHEMA PUBLIC
DISCONNECT
/*C42*/SET SCHEMA PUBLIC
DISCONNECT
/*C43*/SET SCHEMA PUBLIC
DISCONNECT
/*C44*/SET SCHEMA PUBLIC
DISCONNECT
/*C45*/SET SCHEMA PUBLIC
DISCONNECT
/*C46*/SET SCHEMA PUBLIC
DISCONNECT
/*C47*/SET SCHEMA PUBLIC
DISCONNECT
/*C48*/SET SCHEMA PUBLIC
DISCONNECT
/*C49*/SET SCHEMA PUBLIC
DISCONNECT
/*C50*/SET SCHEMA PUBLIC
DISCONNECT
/*C51*/SET SCHEMA PUBLIC
DISCONNECT
/*C52*/SET SCHEMA PUBLIC
DISCONNECT
/*C53*/SET SCHEMA PUBLIC
DISCONNECT
/*C54*/SET SCHEMA PUBLIC
DISCONNECT
/*C55*/SET SCHEMA PUBLIC
DISCONNECT
/*C56*/SET SCHEMA PUBLIC
DISCONNECT
/*C57*/SET SCHEMA PUBLIC
DISCONNECT
/*C58*/SET SCHEMA PUBLIC
DISCONNECT
/*C59*/SET SCHEMA PUBLIC
DISCONNECT
/*C60*/SET SCHEMA PUBLIC
DISCONNECT
/*C61*/SET SCHEMA PUBLIC
DISCONNECT
/*C62*/SET SCHEMA PUBLIC
DISCONNECT
/*C63*/SET SCHEMA PUBLIC
DISCONNECT
/*C64*/SET SCHEMA PUBLIC
DISCONNECT
/*C65*/SET SCHEMA PUBLIC
DISCONNECT
/*C66*/SET SCHEMA PUBLIC
DISCONNECT
/*C67*/SET SCHEMA PUBLIC
DISCONNECT
/*C68*/SET SCHEMA PUBLIC
DISCONNECT
/*C69*/SET SCHEMA PUBLIC
DISCONNECT
/*C70*/SET SCHEMA PUBLIC
DISCONNECT
/*C71*/SET SCHEMA PUBLIC
DISCONNECT
/*C72*/SET SCHEMA PUBLIC
DISCONNECT
/*C73*/SET SCHEMA PUBLIC
DISCONNECT
/*C74*/SET SCHEMA PUBLIC
DISCONNECT
/*C75*/SET SCHEMA PUBLIC
DISCONNECT
/*C76*/SET SCHEMA PUBLIC
DISCONNECT
/*C77*/SET SCHEMA PUBLIC
DISCONNECT
/*C78*/SET SCHEMA PUBLIC
DISCONNECT
/*C79*/SET SCHEMA PUBLIC
DISCONNECT
/*C80*/SET SCHEMA PUBLIC
DISCONNECT
/*C81*/SET SCHEMA PUBLIC
DISCONNECT
/*C82*/SET SCHEMA PUBLIC
DISCONNECT
/*C83*/SET SCHEMA PUBLIC
DISCONNECT
/*C84*/SET SCHEMA PUBLIC
DISCONNECT
/*C85*/SET SCHEMA PUBLIC
DISCONNECT
/*C86*/SET SCHEMA PUBLIC
DISCONNECT
/*C87*/SET SCHEMA PUBLIC
DISCONNECT
/*C88*/SET SCHEMA PUBLIC
DISCONNECT
/*C89*/SET SCHEMA PUBLIC
DISCONNECT
/*C90*/SET SCHEMA PUBLIC
DISCONNECT
/*C91*/SET SCHEMA PUBLIC
DISCONNECT
/*C92*/SET SCHEMA PUBLIC
DISCONNECT
/*C93*/SET SCHEMA PUBLIC
DISCONNECT
/*C94*/SET SCHEMA PUBLIC
DISCONNECT
/*C95*/SET SCHEMA PUBLIC
DISCONNECT
/*C96*/SET SCHEMA PUBLIC
DISCONNECT
/*C97*/SET SCHEMA PUBLIC
DISCONNECT
/*C98*/SET SCHEMA PUBLIC
DISCONNECT
/*C99*/SET SCHEMA PUBLIC
DISCONNECT
/*C100*/SET SCHEMA PUBLIC
DISCONNECT
/*C101*/SET SCHEMA PUBLIC
DISCONNECT
/*C102*/SET SCHEMA PUBLIC
DISCONNECT
/*C103*/SET SCHEMA PUBLIC
DISCONNECT
/*C104*/SET SCHEMA PUBLIC
DISCONNECT
/*C105*/SET SCHEMA PUBLIC
DISCONNECT
/*C106*/SET SCHEMA PUBLIC
DISCONNECT
/*C107*/SET SCHEMA PUBLIC
DISCONNECT
/*C108*/SET SCHEMA PUBLIC
DISCONNECT
/*C109*/SET SCHEMA PUBLIC
DISCONNECT
/*C110*/SET SCHEMA PUBLIC
DISCONNECT
/*C111*/SET SCHEMA PUBLIC
DISCONNECT
/*C112*/SET SCHEMA PUBLIC
DISCONNECT
/*C113*/SET SCHEMA PUBLIC
DISCONNECT
/*C114*/SET SCHEMA PUBLIC
DISCONNECT
/*C115*/SET SCHEMA PUBLIC
DISCONNECT
/*C116*/SET SCHEMA PUBLIC
DISCONNECT
/*C117*/SET SCHEMA PUBLIC
DISCONNECT
/*C118*/SET SCHEMA PUBLIC
DISCONNECT
/*C119*/SET SCHEMA PUBLIC
DISCONNECT
/*C120*/SET SCHEMA PUBLIC
DISCONNECT
/*C121*/SET SCHEMA PUBLIC
DISCONNECT
/*C122*/SET SCHEMA PUBLIC
DISCONNECT
/*C123*/SET SCHEMA PUBLIC
DISCONNECT
/*C124*/SET SCHEMA PUBLIC
DISCONNECT
/*C125*/SET SCHEMA PUBLIC
DISCONNECT
/*C126*/SET SCHEMA PUBLIC
DISCONNECT
/*C127*/SET SCHEMA PUBLIC
DISCONNECT
/*C128*/SET SCHEMA PUBLIC
DISCONNECT
/*C129*/SET SCHEMA PUBLIC
DISCONNECT
/*C130*/SET SCHEMA PUBLIC
DISCONNECT
/*C131*/SET SCHEMA PUBLIC
DISCONNECT
/*C132*/SET SCHEMA PUBLIC
DISCONNECT
/*C133*/SET SCHEMA PUBLIC
DISCONNECT
/*C134*/SET SCHEMA PUBLIC
DISCONNECT
/*C135*/SET SCHEMA PUBLIC
DISCONNECT
/*C136*/SET SCHEMA PUBLIC
DISCONNECT
/*C137*/SET SCHEMA PUBLIC
DISCONNECT
/*C138*/SET SCHEMA PUBLIC
DISCONNECT
/*C139*/SET SCHEMA PUBLIC
DISCONNECT
/*C140*/SET SCHEMA PUBLIC
DISCONNECT
/*C141*/SET SCHEMA PUBLIC
DISCONNECT
/*C142*/SET SCHEMA PUBLIC
DISCONNECT
/*C143*/SET SCHEMA PUBLIC
DISCONNECT
/*C144*/SET SCHEMA PUBLIC
DISCONNECT
/*C145*/SET SCHEMA PUBLIC
DISCONNECT
/*C146*/SET SCHEMA PUBLIC
DISCONNECT
/*C147*/SET SCHEMA PUBLIC
DISCONNECT
/*C148*/SET SCHEMA PUBLIC
DISCONNECT
/*C149*/SET SCHEMA PUBLIC
DISCONNECT
/*C150*/SET SCHEMA PUBLIC
DISCONNECT
/*C151*/SET SCHEMA PUBLIC
DISCONNECT
/*C152*/SET SCHEMA PUBLIC
DISCONNECT
/*C153*/SET SCHEMA PUBLIC
DISCONNECT
/*C154*/SET SCHEMA PUBLIC
DISCONNECT
/*C155*/SET SCHEMA PUBLIC
DISCONNECT
/*C156*/SET SCHEMA PUBLIC
DISCONNECT
/*C157*/SET SCHEMA PUBLIC
DISCONNECT
/*C158*/SET SCHEMA PUBLIC
DISCONNECT
/*C159*/SET SCHEMA PUBLIC
DISCONNECT
/*C160*/SET SCHEMA PUBLIC
DISCONNECT
/*C161*/SET SCHEMA PUBLIC
DISCONNECT
/*C162*/SET SCHEMA PUBLIC
DISCONNECT
/*C163*/SET SCHEMA PUBLIC
DISCONNECT
/*C164*/SET SCHEMA PUBLIC
DISCONNECT
/*C165*/SET SCHEMA PUBLIC
DISCONNECT
/*C166*/SET SCHEMA PUBLIC
DISCONNECT
/*C167*/SET SCHEMA PUBLIC
DISCONNECT
/*C168*/SET SCHEMA PUBLIC
DISCONNECT
/*C169*/SET SCHEMA PUBLIC
DISCONNECT
/*C170*/SET SCHEMA PUBLIC
DISCONNECT
/*C171*/SET SCHEMA PUBLIC
DISCONNECT
/*C172*/SET SCHEMA PUBLIC
DISCONNECT
/*C173*/SET SCHEMA PUBLIC
DISCONNECT
/*C174*/SET SCHEMA PUBLIC
DISCONNECT
/*C175*/SET SCHEMA PUBLIC
DISCONNECT
/*C176*/SET SCHEMA PUBLIC
DISCONNECT
/*C177*/SET SCHEMA PUBLIC
DISCONNECT
/*C178*/SET SCHEMA PUBLIC
DISCONNECT
/*C179*/SET SCHEMA PUBLIC
DISCONNECT
/*C180*/SET SCHEMA PUBLIC
DISCONNECT
/*C181*/SET SCHEMA PUBLIC
DISCONNECT
/*C182*/SET SCHEMA PUBLIC
DISCONNECT
/*C183*/SET SCHEMA PUBLIC
DISCONNECT
/*C184*/SET SCHEMA PUBLIC
DISCONNECT
/*C185*/SET SCHEMA PUBLIC
DISCONNECT
/*C186*/SET SCHEMA PUBLIC
DISCONNECT
/*C187*/SET SCHEMA PUBLIC
DISCONNECT
/*C188*/SET SCHEMA PUBLIC
DISCONNECT
/*C189*/SET SCHEMA PUBLIC
DISCONNECT
/*C190*/SET SCHEMA PUBLIC
DISCONNECT
/*C191*/SET SCHEMA PUBLIC
DISCONNECT
/*C192*/SET SCHEMA PUBLIC
DISCONNECT
/*C193*/SET SCHEMA PUBLIC
DISCONNECT
/*C194*/SET SCHEMA PUBLIC
DISCONNECT
/*C195*/SET SCHEMA PUBLIC
DISCONNECT
/*C196*/SET SCHEMA PUBLIC
DISCONNECT
/*C197*/SET SCHEMA PUBLIC
DISCONNECT
/*C198*/SET SCHEMA PUBLIC
DISCONNECT
/*C199*/SET SCHEMA PUBLIC
DISCONNECT
/*C200*/SET SCHEMA PUBLIC
DISCONNECT
/*C201*/SET SCHEMA PUBLIC
DISCONNECT
/*C202*/SET SCHEMA PUBLIC
DISCONNECT
/*C203*/SET SCHEMA PUBLIC
DISCONNECT
/*C204*/SET SCHEMA PUBLIC
DISCONNECT
/*C205*/SET SCHEMA PUBLIC
DISCONNECT
/*C206*/SET SCHEMA PUBLIC
DISCONNECT
/*C207*/SET SCHEMA PUBLIC
DISCONNECT
/*C208*/SET SCHEMA PUBLIC
DISCONNECT
/*C209*/SET SCHEMA PUBLIC
DISCONNECT
/*C210*/SET SCHEMA PUBLIC
DISCONNECT
/*C211*/SET SCHEMA PUBLIC
DISCONNECT
/*C212*/SET SCHEMA PUBLIC
DISCONNECT
/*C213*/SET SCHEMA PUBLIC
DISCONNECT
/*C214*/SET SCHEMA PUBLIC
DISCONNECT
/*C215*/SET SCHEMA PUBLIC
DISCONNECT
/*C216*/SET SCHEMA PUBLIC
DISCONNECT
/*C217*/SET SCHEMA PUBLIC
DISCONNECT
/*C218*/SET SCHEMA PUBLIC
DISCONNECT
/*C219*/SET SCHEMA PUBLIC
DISCONNECT
/*C220*/SET SCHEMA PUBLIC
DISCONNECT
/*C221*/SET SCHEMA PUBLIC
DISCONNECT
/*C222*/SET SCHEMA PUBLIC
DISCONNECT
/*C223*/SET SCHEMA PUBLIC
DISCONNECT
/*C224*/SET SCHEMA PUBLIC
DISCONNECT
/*C225*/SET SCHEMA PUBLIC
DISCONNECT
/*C226*/SET SCHEMA PUBLIC
DISCONNECT
/*C227*/SET SCHEMA PUBLIC
DISCONNECT
/*C228*/SET SCHEMA PUBLIC
DISCONNECT
/*C229*/SET SCHEMA PUBLIC
DISCONNECT
/*C230*/SET SCHEMA PUBLIC
DISCONNECT
/*C231*/SET SCHEMA PUBLIC
DISCONNECT
/*C232*/SET SCHEMA PUBLIC
DISCONNECT
/*C233*/SET SCHEMA PUBLIC
DISCONNECT
/*C234*/SET SCHEMA PUBLIC
DISCONNECT
/*C235*/SET SCHEMA PUBLIC
DISCONNECT
/*C236*/SET SCHEMA PUBLIC
DISCONNECT
/*C237*/SET SCHEMA PUBLIC
DISCONNECT
/*C238*/SET SCHEMA PUBLIC
DISCONNECT
/*C239*/SET SCHEMA PUBLIC
DISCONNECT
/*C240*/SET SCHEMA PUBLIC
DISCONNECT
/*C241*/SET SCHEMA PUBLIC
DISCONNECT
/*C242*/SET SCHEMA PUBLIC
DISCONNECT
/*C243*/SET SCHEMA PUBLIC
DISCONNECT
/*C244*/SET SCHEMA PUBLIC
DISCONNECT
/*C245*/SET SCHEMA PUBLIC
DISCONNECT
/*C246*/SET SCHEMA PUBLIC
DISCONNECT
/*C247*/SET SCHEMA PUBLIC
DISCONNECT
/*C248*/SET SCHEMA PUBLIC
DISCONNECT
/*C249*/SET SCHEMA PUBLIC
DISCONNECT
/*C250*/SET SCHEMA PUBLIC
DISCONNECT
/*C251*/SET SCHEMA PUBLIC
DISCONNECT
/*C252*/SET SCHEMA PUBLIC
DISCONNECT
/*C253*/SET SCHEMA PUBLIC
DISCONNECT
/*C254*/SET SCHEMA PUBLIC
DISCONNECT
/*C255*/SET SCHEMA PUBLIC
DISCONNECT
/*C256*/SET SCHEMA PUBLIC
DISCONNECT
/*C257*/SET SCHEMA PUBLIC
DISCONNECT
/*C258*/SET SCHEMA PUBLIC
DISCONNECT
